Traceback (most recent call last):
  File "/Users/fsultan/opt/anaconda3/lib/python3.9/site-packages/jupyter_cache/executors/utils.py", line 58, in single_nb_execution
    executenb(
  File "/Users/fsultan/opt/anaconda3/lib/python3.9/site-packages/nbclient/client.py", line 1204, in execute
    return NotebookClient(nb=nb, resources=resources, km=km, **kwargs).execute()
  File "/Users/fsultan/opt/anaconda3/lib/python3.9/site-packages/nbclient/util.py", line 84, in wrapped
    return just_run(coro(*args, **kwargs))
  File "/Users/fsultan/opt/anaconda3/lib/python3.9/site-packages/nbclient/util.py", line 62, in just_run
    return loop.run_until_complete(coro)
  File "/Users/fsultan/opt/anaconda3/lib/python3.9/asyncio/base_events.py", line 647, in run_until_complete
    return future.result()
  File "/Users/fsultan/opt/anaconda3/lib/python3.9/site-packages/nbclient/client.py", line 663, in async_execute
    await self.async_execute_cell(
  File "/Users/fsultan/opt/anaconda3/lib/python3.9/site-packages/nbclient/client.py", line 965, in async_execute_cell
    await self._check_raise_for_error(cell, cell_index, exec_reply)
  File "/Users/fsultan/opt/anaconda3/lib/python3.9/site-packages/nbclient/client.py", line 862, in _check_raise_for_error
    raise CellExecutionError.from_cell_and_msg(cell, exec_reply_content)
nbclient.exceptions.CellExecutionError: An error occurred while executing the following cell:
------------------
def drop_duplicates(sequence):
    
    return 
    
    
assert drop_duplicates([1, 1, 2, 2, 2, 3, 3])=={1, 2, 3}
assert drop_duplicates("aaaabbbbccccc")=={"a", "b", "c"}
assert drop_duplicates([1, 2, 3])=={1, 2, 3}
------------------

[0;31m---------------------------------------------------------------------------[0m
[0;31mAssertionError[0m                            Traceback (most recent call last)
Input [0;32mIn [22][0m, in [0;36m<cell line: 6>[0;34m()[0m
[1;32m      1[0m [38;5;28;01mdef[39;00m [38;5;21mdrop_duplicates[39m(sequence):
[1;32m      3[0m     [38;5;28;01mreturn[39;00m 
[0;32m----> 6[0m [38;5;28;01massert[39;00m drop_duplicates([[38;5;241m1[39m, [38;5;241m1[39m, [38;5;241m2[39m, [38;5;241m2[39m, [38;5;241m2[39m, [38;5;241m3[39m, [38;5;241m3[39m])[38;5;241m==[39m{[38;5;241m1[39m, [38;5;241m2[39m, [38;5;241m3[39m}
[1;32m      7[0m [38;5;28;01massert[39;00m drop_duplicates([38;5;124m"[39m[38;5;124maaaabbbbccccc[39m[38;5;124m"[39m)[38;5;241m==[39m{[38;5;124m"[39m[38;5;124ma[39m[38;5;124m"[39m, [38;5;124m"[39m[38;5;124mb[39m[38;5;124m"[39m, [38;5;124m"[39m[38;5;124mc[39m[38;5;124m"[39m}
[1;32m      8[0m [38;5;28;01massert[39;00m drop_duplicates([[38;5;241m1[39m, [38;5;241m2[39m, [38;5;241m3[39m])[38;5;241m==[39m{[38;5;241m1[39m, [38;5;241m2[39m, [38;5;241m3[39m}

[0;31mAssertionError[0m: 
AssertionError: 

