Traceback (most recent call last):
  File "/Users/fsultan/opt/anaconda3/lib/python3.9/site-packages/jupyter_cache/executors/utils.py", line 58, in single_nb_execution
    executenb(
  File "/Users/fsultan/opt/anaconda3/lib/python3.9/site-packages/nbclient/client.py", line 1204, in execute
    return NotebookClient(nb=nb, resources=resources, km=km, **kwargs).execute()
  File "/Users/fsultan/opt/anaconda3/lib/python3.9/site-packages/nbclient/util.py", line 84, in wrapped
    return just_run(coro(*args, **kwargs))
  File "/Users/fsultan/opt/anaconda3/lib/python3.9/site-packages/nbclient/util.py", line 62, in just_run
    return loop.run_until_complete(coro)
  File "/Users/fsultan/opt/anaconda3/lib/python3.9/asyncio/base_events.py", line 647, in run_until_complete
    return future.result()
  File "/Users/fsultan/opt/anaconda3/lib/python3.9/site-packages/nbclient/client.py", line 663, in async_execute
    await self.async_execute_cell(
  File "/Users/fsultan/opt/anaconda3/lib/python3.9/site-packages/nbclient/client.py", line 965, in async_execute_cell
    await self._check_raise_for_error(cell, cell_index, exec_reply)
  File "/Users/fsultan/opt/anaconda3/lib/python3.9/site-packages/nbclient/client.py", line 862, in _check_raise_for_error
    raise CellExecutionError.from_cell_and_msg(cell, exec_reply_content)
nbclient.exceptions.CellExecutionError: An error occurred while executing the following cell:
------------------
""" 
Jane Doe Algorithm, for calculating gratuity

computes 20% gratuity in three easy steps. 

Input(s)
--------
cheque_amount : int

Output 
------
int
    20% of the cheque_amount
"""

cheque_amount = 27.03

# 1. Compute 10% by moving the decimal point, one place, to the left
Ten_percent = cheque_amount / 10

# 2. Round the number 
ten_number_rounded = round(ten_percent)

# 3. Double it 
tip_amount = ten_number_rounded * 2

tip_amount
------------------

[0;31m---------------------------------------------------------------------------[0m
[0;31mNameError[0m                                 Traceback (most recent call last)
Input [0;32mIn [4][0m, in [0;36m<cell line: 22>[0;34m()[0m
[1;32m     19[0m Ten_percent [38;5;241m=[39m cheque_amount [38;5;241m/[39m [38;5;241m10[39m
[1;32m     21[0m [38;5;66;03m# 2. Round the number [39;00m
[0;32m---> 22[0m ten_number_rounded [38;5;241m=[39m [38;5;28mround[39m([43mten_percent[49m)
[1;32m     24[0m [38;5;66;03m# 3. Double it [39;00m
[1;32m     25[0m tip_amount [38;5;241m=[39m ten_number_rounded [38;5;241m*[39m [38;5;241m2[39m

[0;31mNameError[0m: name 'ten_percent' is not defined
NameError: name 'ten_percent' is not defined

